0 verbose cli C:\Program Files\nodejs\node.exe C:\Users\tyler\AppData\Roaming\npm\node_modules\npm\bin\npm-cli.js
1 info using npm@11.4.2
2 info using node@v22.17.0
3 silly config load:file:C:\Users\tyler\AppData\Roaming\npm\node_modules\npm\npmrc
4 silly config load:file:C:\Users\tyler\.npmrc
5 silly config load:file:C:\Users\tyler\AppData\Roaming\npm\etc\npmrc
6 verbose title npm install npm@11.6.3
7 verbose argv "install" "--global" "npm@11.6.3"
8 verbose logfile logs-max:10 dir:C:\Users\tyler\Desktop\recallbricks-docs\UsersTyler.npm-cache\_logs\2025-11-20T02_56_26_066Z-
9 verbose logfile C:\Users\tyler\Desktop\recallbricks-docs\UsersTyler.npm-cache\_logs\2025-11-20T02_56_26_066Z-debug-0.log
10 silly logfile done cleaning log files
11 http fetch GET 200 https://registry.npmjs.org/npm 272ms (cache miss)
12 silly packumentCache heap:4345298944 maxSize:1086324736 maxEntrySize:543162368
13 silly idealTree buildDeps
14 silly fetch manifest npm@11.6.3
15 silly packumentCache full:https://registry.npmjs.org/npm cache-miss
16 http fetch GET 200 https://registry.npmjs.org/npm 1530ms (cache miss)
17 silly packumentCache full:https://registry.npmjs.org/npm set size:undefined disposed:false
18 silly placeDep ROOT npm@11.6.3 OK for:  want: 11.6.3
19 silly reify mark retired [
19 silly reify   'C:\\Users\\tyler\\AppData\\Roaming\\npm\\node_modules\\npm',
19 silly reify   'C:\\Users\\tyler\\AppData\\Roaming\\npm\\npm',
19 silly reify   'C:\\Users\\tyler\\AppData\\Roaming\\npm\\npm.cmd',
19 silly reify   'C:\\Users\\tyler\\AppData\\Roaming\\npm\\npm.ps1',
19 silly reify   'C:\\Users\\tyler\\AppData\\Roaming\\npm\\npx',
19 silly reify   'C:\\Users\\tyler\\AppData\\Roaming\\npm\\npx.cmd',
19 silly reify   'C:\\Users\\tyler\\AppData\\Roaming\\npm\\npx.ps1'
19 silly reify ]
20 silly reify moves {
20 silly reify   'C:\\Users\\tyler\\AppData\\Roaming\\npm\\node_modules\\npm': 'C:\\Users\\tyler\\AppData\\Roaming\\npm\\node_modules\\.npm-DUArXri1',
20 silly reify   'C:\\Users\\tyler\\AppData\\Roaming\\npm\\npm': 'C:\\Users\\tyler\\AppData\\Roaming\\npm\\.npm-uXy3X0lM',
20 silly reify   'C:\\Users\\tyler\\AppData\\Roaming\\npm\\npm.cmd': 'C:\\Users\\tyler\\AppData\\Roaming\\npm\\.npm.cmd-e4yV40Lx',
20 silly reify   'C:\\Users\\tyler\\AppData\\Roaming\\npm\\npm.ps1': 'C:\\Users\\tyler\\AppData\\Roaming\\npm\\.npm.ps1-Fl5ZBj8J',
20 silly reify   'C:\\Users\\tyler\\AppData\\Roaming\\npm\\npx': 'C:\\Users\\tyler\\AppData\\Roaming\\npm\\.npx-f3e7JOja',
20 silly reify   'C:\\Users\\tyler\\AppData\\Roaming\\npm\\npx.cmd': 'C:\\Users\\tyler\\AppData\\Roaming\\npm\\.npx.cmd-icy0Re1G',
20 silly reify   'C:\\Users\\tyler\\AppData\\Roaming\\npm\\npx.ps1': 'C:\\Users\\tyler\\AppData\\Roaming\\npm\\.npx.ps1-uSaKWjAv'
20 silly reify }
21 http cache npm@https://registry.npmjs.org/npm/-/npm-11.6.3.tgz 0ms (cache hit)
22 silly tarball no local data for npm@https://registry.npmjs.org/npm/-/npm-11.6.3.tgz. Extracting by manifest.
23 http fetch GET 200 https://registry.npmjs.org/npm/-/npm-11.6.3.tgz 9924ms (cache miss)
24 silly CHANGE node_modules/npm
25 silly CHANGE node_modules/npm/node_modules/@isaacs/cliui/node_modules/strip-ansi
26 silly CHANGE node_modules/npm/node_modules/@isaacs/cliui/node_modules/ansi-regex
27 silly REMOVE node_modules/npm/node_modules/@pkgjs/parseargs
28 silly CHANGE node_modules/npm/node_modules/tinyglobby
29 silly CHANGE node_modules/npm/node_modules/tinyglobby/node_modules/picomatch
30 silly CHANGE node_modules/npm/node_modules/tinyglobby/node_modules/fdir
31 silly CHANGE node_modules/npm/node_modules/wrap-ansi/node_modules/strip-ansi
32 silly CHANGE node_modules/npm/node_modules/wrap-ansi/node_modules/ansi-regex
33 silly CHANGE node_modules/npm/node_modules/@tufjs/models
34 silly CHANGE node_modules/npm/node_modules/@sigstore/verify
35 silly CHANGE node_modules/npm/node_modules/@sigstore/tuf
36 silly CHANGE node_modules/npm/node_modules/@sigstore/sign
37 silly CHANGE node_modules/npm/node_modules/@sigstore/protobuf-specs
38 silly CHANGE node_modules/npm/node_modules/@sigstore/core
39 silly CHANGE node_modules/npm/node_modules/@sigstore/bundle
40 silly CHANGE node_modules/npm/node_modules/@npmcli/run-script
41 silly CHANGE node_modules/npm/node_modules/@npmcli/redact
42 silly CHANGE node_modules/npm/node_modules/@npmcli/promise-spawn
43 silly CHANGE node_modules/npm/node_modules/@npmcli/package-json
44 silly CHANGE node_modules/npm/node_modules/@npmcli/node-gyp
45 silly CHANGE node_modules/npm/node_modules/@npmcli/metavuln-calculator
46 silly CHANGE node_modules/npm/node_modules/@npmcli/name-from-folder
47 silly CHANGE node_modules/npm/node_modules/@npmcli/map-workspaces
48 silly CHANGE node_modules/npm/node_modules/@npmcli/git
49 silly CHANGE node_modules/npm/node_modules/@npmcli/installed-package-contents
50 silly CHANGE node_modules/npm/node_modules/@npmcli/config
51 silly CHANGE node_modules/npm/node_modules/jackspeak
52 silly CHANGE node_modules/npm/node_modules/@npmcli/arborist
53 silly CHANGE node_modules/npm/node_modules/@npmcli/agent
54 silly CHANGE node_modules/npm/node_modules/write-file-atomic
55 silly CHANGE node_modules/npm/node_modules/which
56 silly REMOVE node_modules/npm/node_modules/which/node_modules/isexe
57 silly CHANGE node_modules/npm/node_modules/validate-npm-package-name
58 silly CHANGE node_modules/npm/node_modules/qrcode-terminal
59 silly CHANGE node_modules/npm/node_modules/tiny-relative-date
60 silly CHANGE node_modules/npm/node_modules/tuf-js
61 silly CHANGE node_modules/npm/node_modules/tar
62 silly REMOVE node_modules/npm/node_modules/tar/node_modules/minipass
63 silly REMOVE node_modules/npm/node_modules/tar/node_modules/fs-minipass
64 silly REMOVE node_modules/npm/node_modules/tar/node_modules/fs-minipass/node_modules/minipass
65 silly CHANGE node_modules/npm/node_modules/supports-color
66 silly REMOVE node_modules/npm/node_modules/normalize-package-data
67 silly CHANGE node_modules/npm/node_modules/ssri
68 silly REMOVE node_modules/npm/node_modules/sprintf-js
69 silly CHANGE node_modules/npm/node_modules/spdx-license-ids
70 silly CHANGE node_modules/npm/node_modules/socks
71 silly CHANGE node_modules/npm/node_modules/sigstore
72 silly CHANGE node_modules/npm/node_modules/semver
73 silly CHANGE node_modules/npm/node_modules/read-cmd-shim
74 silly REMOVE node_modules/npm/node_modules/read-package-json-fast
75 silly CHANGE node_modules/npm/node_modules/proc-log
76 silly CHANGE node_modules/npm/node_modules/path-scurry
77 silly CHANGE node_modules/npm/node_modules/libnpmsearch
78 silly CHANGE node_modules/npm/node_modules/libnpmteam
79 silly CHANGE node_modules/npm/node_modules/libnpmorg
80 silly CHANGE node_modules/npm/node_modules/libnpmaccess
81 silly CHANGE node_modules/npm/node_modules/parse-conflict-json
82 silly CHANGE node_modules/npm/node_modules/pacote
83 silly CHANGE node_modules/npm/node_modules/libnpmdiff
84 silly CHANGE node_modules/npm/node_modules/is-cidr
85 silly CHANGE node_modules/npm/node_modules/npm-registry-fetch
86 silly REMOVE node_modules/npm/node_modules/npm-registry-fetch/node_modules/minizlib
87 silly CHANGE node_modules/npm/node_modules/npm-profile
88 silly CHANGE node_modules/npm/node_modules/npm-pick-manifest
89 silly CHANGE node_modules/npm/node_modules/npm-packlist
90 silly CHANGE node_modules/npm/node_modules/npm-package-arg
91 silly CHANGE node_modules/npm/node_modules/npm-normalize-package-bin
92 silly CHANGE node_modules/npm/node_modules/npm-install-checks
93 silly CHANGE node_modules/npm/node_modules/npm-bundled
94 silly CHANGE node_modules/npm/node_modules/nopt
95 silly CHANGE node_modules/npm/node_modules/node-gyp
96 silly REMOVE node_modules/npm/node_modules/node-gyp/node_modules/chownr
97 silly REMOVE node_modules/npm/node_modules/node-gyp/node_modules/tar
98 silly REMOVE node_modules/npm/node_modules/node-gyp/node_modules/yallist
99 silly REMOVE node_modules/npm/node_modules/node-gyp/node_modules/mkdirp
100 silly REMOVE node_modules/npm/node_modules/node-gyp/node_modules/minizlib
101 silly REMOVE node_modules/npm/node_modules/mkdirp
102 silly CHANGE node_modules/npm/node_modules/minizlib
103 silly REMOVE node_modules/npm/node_modules/minizlib/node_modules/minipass
104 silly CHANGE node_modules/npm/node_modules/minipass-fetch
105 silly REMOVE node_modules/npm/node_modules/minipass-fetch/node_modules/minizlib
106 silly CHANGE node_modules/npm/node_modules/minimatch
107 silly CHANGE node_modules/npm/node_modules/make-fetch-happen
108 silly REMOVE node_modules/npm/node_modules/make-fetch-happen/node_modules/negotiator
109 silly CHANGE node_modules/npm/node_modules/lru-cache
110 silly CHANGE node_modules/npm/node_modules/libnpmversion
111 silly CHANGE node_modules/npm/node_modules/libnpmpublish
112 silly CHANGE node_modules/npm/node_modules/isexe
113 silly CHANGE node_modules/npm/node_modules/libnpmpack
114 silly CHANGE node_modules/npm/node_modules/libnpmfund
115 silly CHANGE node_modules/npm/node_modules/libnpmexec
116 silly CHANGE node_modules/npm/node_modules/diff
117 silly CHANGE node_modules/npm/node_modules/json-parse-even-better-errors
118 silly REMOVE node_modules/npm/node_modules/jsbn
119 silly CHANGE node_modules/npm/node_modules/init-package-json
120 silly CHANGE node_modules/npm/node_modules/ini
121 silly CHANGE node_modules/npm/node_modules/ip-address
122 silly CHANGE node_modules/npm/node_modules/ignore-walk
123 silly CHANGE node_modules/npm/node_modules/hosted-git-info
124 silly CHANGE node_modules/npm/node_modules/exponential-backoff
125 silly CHANGE node_modules/npm/node_modules/cross-spawn/node_modules/which
126 silly CHANGE node_modules/npm/node_modules/glob
127 silly CHANGE node_modules/npm/node_modules/cidr-regex
128 silly CHANGE node_modules/npm/node_modules/aproba
129 silly CHANGE node_modules/npm/node_modules/debug
130 silly CHANGE node_modules/npm/node_modules/cssesc
131 silly CHANGE node_modules/npm/node_modules/ansi-styles
132 silly CHANGE node_modules/npm/node_modules/cmd-shim
133 silly CHANGE node_modules/npm/node_modules/chownr
134 silly CHANGE node_modules/npm/node_modules/ci-info
135 silly CHANGE node_modules/npm/node_modules/chalk
136 silly CHANGE node_modules/npm/node_modules/cacache
137 silly REMOVE node_modules/npm/node_modules/cacache/node_modules/yallist
138 silly REMOVE node_modules/npm/node_modules/cacache/node_modules/tar
139 silly REMOVE node_modules/npm/node_modules/cacache/node_modules/mkdirp
140 silly REMOVE node_modules/npm/node_modules/cacache/node_modules/chownr
141 silly REMOVE node_modules/npm/node_modules/cacache/node_modules/minizlib
142 silly CHANGE node_modules/npm/node_modules/bin-links
143 silly CHANGE node_modules/npm/node_modules/agent-base
144 silly CHANGE node_modules/npm/node_modules/abbrev
145 verbose cwd C:\Users\tyler\Desktop\recallbricks-docs
146 verbose os Windows_NT 10.0.19045
147 verbose node v22.17.0
148 verbose npm  v11.4.2
149 verbose exit 0
150 info ok
